  [1m[35m (1.3ms)[0m  [1m[35mCREATE TABLE "schema_migrations" ("version" varchar NOT NULL PRIMARY KEY)[0m
  [1m[35m (1.1ms)[0m  [1m[35mCREATE TABLE "ar_internal_metadata" ("key" varchar NOT NULL PRIMARY KEY, "value" varchar, "created_at" datetime NOT NULL, "updated_at" datetime NOT NULL)[0m
  [1m[36mActiveRecord::SchemaMigration Load (0.2ms)[0m  [1m[34mSELECT "schema_migrations".* FROM "schema_migrations"[0m
Migrating to AddQueueClassic (20161214054103)
  [1m[35m (0.1ms)[0m  [1m[36mbegin transaction[0m
DEPRECATION WARNING: Directly inheriting from ActiveRecord::Migration is deprecated. Please specify the Rails release the migration was written for:

  class AddQueueClassic < ActiveRecord::Migration[4.2] (called from load at /Users/jimmy/.rvm/gems/ruby-2.3.1/bin/rake:23)
  [1m[35m (0.0ms)[0m  [1m[31mrollback transaction[0m
  [1m[35m (36.8ms)[0m  [1m[35mCREATE TABLE "schema_migrations" ("version" character varying PRIMARY KEY)[0m
  [1m[35m (24.5ms)[0m  [1m[35mCREATE TABLE "ar_internal_metadata" ("key" character varying PRIMARY KEY, "value" character varying, "created_at" timestamp NOT NULL, "updated_at" timestamp NOT NULL)[0m
  [1m[35m (21.4ms)[0m  [1m[34mSELECT pg_try_advisory_lock(6829845446077445715);[0m
  [1m[36mActiveRecord::SchemaMigration Load (8.6ms)[0m  [1m[34mSELECT "schema_migrations".* FROM "schema_migrations"[0m
Migrating to AddQueueClassic (20161214054103)
  [1m[35m (7.6ms)[0m  [1m[35mBEGIN[0m
DEPRECATION WARNING: Directly inheriting from ActiveRecord::Migration is deprecated. Please specify the Rails release the migration was written for:

  class AddQueueClassic < ActiveRecord::Migration[4.2] (called from load at /Users/jimmy/.rvm/gems/ruby-2.3.1/bin/rake:23)
  [1m[35mSQL (14.6ms)[0m  [1m[32mINSERT INTO "schema_migrations" ("version") VALUES ($1) RETURNING "version"[0m  [["version", "20161214054103"]]
  [1m[35m (12.2ms)[0m  [1m[35mCOMMIT[0m
Migrating to UpdateQueueClassic300 (20161214054104)
  [1m[35m (16.5ms)[0m  [1m[35mBEGIN[0m
DEPRECATION WARNING: Directly inheriting from ActiveRecord::Migration is deprecated. Please specify the Rails release the migration was written for:

  class UpdateQueueClassic300 < ActiveRecord::Migration[4.2] (called from load at /Users/jimmy/.rvm/gems/ruby-2.3.1/bin/rake:23)
  [1m[35mSQL (0.3ms)[0m  [1m[32mINSERT INTO "schema_migrations" ("version") VALUES ($1) RETURNING "version"[0m  [["version", "20161214054104"]]
  [1m[35m (1.4ms)[0m  [1m[35mCOMMIT[0m
Migrating to UpdateQueueClassic302 (20161214054105)
  [1m[35m (0.2ms)[0m  [1m[35mBEGIN[0m
DEPRECATION WARNING: Directly inheriting from ActiveRecord::Migration is deprecated. Please specify the Rails release the migration was written for:

  class UpdateQueueClassic302 < ActiveRecord::Migration[4.2] (called from load at /Users/jimmy/.rvm/gems/ruby-2.3.1/bin/rake:23)
  [1m[35mSQL (0.3ms)[0m  [1m[32mINSERT INTO "schema_migrations" ("version") VALUES ($1) RETURNING "version"[0m  [["version", "20161214054105"]]
  [1m[35m (17.1ms)[0m  [1m[35mCOMMIT[0m
Migrating to UpdateQueueClassic310 (20161214054106)
  [1m[35m (0.5ms)[0m  [1m[35mBEGIN[0m
DEPRECATION WARNING: Directly inheriting from ActiveRecord::Migration is deprecated. Please specify the Rails release the migration was written for:

  class UpdateQueueClassic310 < ActiveRecord::Migration[4.2] (called from load at /Users/jimmy/.rvm/gems/ruby-2.3.1/bin/rake:23)
  [1m[35mSQL (0.2ms)[0m  [1m[32mINSERT INTO "schema_migrations" ("version") VALUES ($1) RETURNING "version"[0m  [["version", "20161214054106"]]
  [1m[35m (6.2ms)[0m  [1m[35mCOMMIT[0m
  [1m[36mActiveRecord::InternalMetadata Load (0.8ms)[0m  [1m[34mSELECT  "ar_internal_metadata".* FROM "ar_internal_metadata" WHERE "ar_internal_metadata"."key" = $1 LIMIT $2[0m  [["key", :environment], ["LIMIT", 1]]
  [1m[35m (0.2ms)[0m  [1m[35mBEGIN[0m
  [1m[35mSQL (1.2ms)[0m  [1m[32mINSERT INTO "ar_internal_metadata" ("key", "value", "created_at", "updated_at") VALUES ($1, $2, $3, $4) RETURNING "key"[0m  [["key", "environment"], ["value", "development"], ["created_at", 2016-12-14 05:43:47 UTC], ["updated_at", 2016-12-14 05:43:47 UTC]]
  [1m[35m (0.6ms)[0m  [1m[35mCOMMIT[0m
  [1m[35m (0.2ms)[0m  [1m[34mSELECT pg_advisory_unlock(6829845446077445715)[0m
  [1m[36mActiveRecord::SchemaMigration Load (0.3ms)[0m  [1m[34mSELECT "schema_migrations".* FROM "schema_migrations"[0m
